\BOOKMARK [0][-]{chapter.1}{Introducci\363n}{}% 1
\BOOKMARK [1][-]{section.1.1}{Motivaci\363n del proyecto}{chapter.1}% 2
\BOOKMARK [1][-]{section.1.2}{Objetivos y enfoque}{chapter.1}% 3
\BOOKMARK [0][-]{chapter.2}{Participaci\363n ciudadana, teconolog\355a y redes sociales}{}% 4
\BOOKMARK [1][-]{section.2.1}{Estado del Arte}{chapter.2}% 5
\BOOKMARK [1][-]{section.2.2}{Tecnolog\355as utilizadas}{chapter.2}% 6
\BOOKMARK [0][-]{chapter.3}{An\341lisis de requisitos}{}% 7
\BOOKMARK [1][-]{section.3.1}{Requisitos funcionales}{chapter.3}% 8
\BOOKMARK [1][-]{section.3.2}{Requisitos no funcionales}{chapter.3}% 9
\BOOKMARK [0][-]{chapter.4}{Concepci\363n y dise\361o}{}% 10
\BOOKMARK [0][-]{chapter.5}{Desarrollo y mantenimiento}{}% 11
\BOOKMARK [1][-]{section.5.1}{Mantenimiento}{chapter.5}% 12
\BOOKMARK [0][-]{chapter.6}{Resultados y ejemplos}{}% 13
\BOOKMARK [0][-]{chapter.7}{Conclusiones y trabajo futuro}{}% 14
\BOOKMARK [0][-]{chapter*.27}{Bibliograf\355a}{}% 15
\BOOKMARK [0][-]{section*.28}{Definiciones}{}% 16
\BOOKMARK [0][-]{section*.30}{Acr\363nimos}{}% 17
\BOOKMARK [-1][-]{part.1}{Ap\351ndices}{}% 18
\BOOKMARK [0][-]{appendix.Alph1}{Diagramas}{part.1}% 19
\BOOKMARK [0][-]{appendix.Alph2}{Im\341genes de la interfaz gr\341fica}{part.1}% 20
